  コード生成しています。
  0 of 879 functions ( 0.0%) were compiled, the rest were copied from previous compilation.
    0 functions were new in current compilation
    0 functions had inline decision re-evaluated but remain unchanged
  コード生成が終了しました。
DuiLib.lib(StdAfx.obj) : warning LNK4099: PDB 'DuiLib_Static.pdb' が 'DuiLib.lib(StdAfx.obj)' で、または 'C:\Users\dorad\source\repos\AlvinTheodorus\SynchroAZ-Oauth\bin\DuiLib_Static.pdb' に見つかりません。デバッグ情報がないものとして、オブジェクトにリンクします。
DuiLib.lib(stb_image.obj) : warning LNK4099: PDB 'DuiLib_Static.pdb' が 'DuiLib.lib(stb_image.obj)' で、または 'C:\Users\dorad\source\repos\AlvinTheodorus\SynchroAZ-Oauth\bin\DuiLib_Static.pdb' に見つかりません。デバッグ情報がないものとして、オブジェクトにリンクします。
DuiLib.lib(UIDelegate.obj) : warning LNK4099: PDB 'DuiLib_Static.pdb' が 'DuiLib.lib(UIDelegate.obj)' で、または 'C:\Users\dorad\source\repos\AlvinTheodorus\SynchroAZ-Oauth\bin\DuiLib_Static.pdb' に見つかりません。デバッグ情報がないものとして、オブジェクトにリンクします。
DuiLib.lib(Utils.obj) : warning LNK4099: PDB 'DuiLib_Static.pdb' が 'DuiLib.lib(Utils.obj)' で、または 'C:\Users\dorad\source\repos\AlvinTheodorus\SynchroAZ-Oauth\bin\DuiLib_Static.pdb' に見つかりません。デバッグ情報がないものとして、オブジェクトにリンクします。
DuiLib.lib(XUnzip.obj) : warning LNK4099: PDB 'DuiLib_Static.pdb' が 'DuiLib.lib(XUnzip.obj)' で、または 'C:\Users\dorad\source\repos\AlvinTheodorus\SynchroAZ-Oauth\bin\DuiLib_Static.pdb' に見つかりません。デバッグ情報がないものとして、オブジェクトにリンクします。
DuiLib.lib(UIBase.obj) : warning LNK4099: PDB 'DuiLib_Static.pdb' が 'DuiLib.lib(UIBase.obj)' で、または 'C:\Users\dorad\source\repos\AlvinTheodorus\SynchroAZ-Oauth\bin\DuiLib_Static.pdb' に見つかりません。デバッグ情報がないものとして、オブジェクトにリンクします。
DuiLib.lib(UIContainer.obj) : warning LNK4099: PDB 'DuiLib_Static.pdb' が 'DuiLib.lib(UIContainer.obj)' で、または 'C:\Users\dorad\source\repos\AlvinTheodorus\SynchroAZ-Oauth\bin\DuiLib_Static.pdb' に見つかりません。デバッグ情報がないものとして、オブジェクトにリンクします。
DuiLib.lib(UIControl.obj) : warning LNK4099: PDB 'DuiLib_Static.pdb' が 'DuiLib.lib(UIControl.obj)' で、または 'C:\Users\dorad\source\repos\AlvinTheodorus\SynchroAZ-Oauth\bin\DuiLib_Static.pdb' に見つかりません。デバッグ情報がないものとして、オブジェクトにリンクします。
DuiLib.lib(UIDlgBuilder.obj) : warning LNK4099: PDB 'DuiLib_Static.pdb' が 'DuiLib.lib(UIDlgBuilder.obj)' で、または 'C:\Users\dorad\source\repos\AlvinTheodorus\SynchroAZ-Oauth\bin\DuiLib_Static.pdb' に見つかりません。デバッグ情報がないものとして、オブジェクトにリンクします。
DuiLib.lib(UIManager.obj) : warning LNK4099: PDB 'DuiLib_Static.pdb' が 'DuiLib.lib(UIManager.obj)' で、または 'C:\Users\dorad\source\repos\AlvinTheodorus\SynchroAZ-Oauth\bin\DuiLib_Static.pdb' に見つかりません。デバッグ情報がないものとして、オブジェクトにリンクします。
DuiLib.lib(UIMarkup.obj) : warning LNK4099: PDB 'DuiLib_Static.pdb' が 'DuiLib.lib(UIMarkup.obj)' で、または 'C:\Users\dorad\source\repos\AlvinTheodorus\SynchroAZ-Oauth\bin\DuiLib_Static.pdb' に見つかりません。デバッグ情報がないものとして、オブジェクトにリンクします。
DuiLib.lib(UIRender.obj) : warning LNK4099: PDB 'DuiLib_Static.pdb' が 'DuiLib.lib(UIRender.obj)' で、または 'C:\Users\dorad\source\repos\AlvinTheodorus\SynchroAZ-Oauth\bin\DuiLib_Static.pdb' に見つかりません。デバッグ情報がないものとして、オブジェクトにリンクします。
DuiLib.lib(UIChildLayout.obj) : warning LNK4099: PDB 'DuiLib_Static.pdb' が 'DuiLib.lib(UIChildLayout.obj)' で、または 'C:\Users\dorad\source\repos\AlvinTheodorus\SynchroAZ-Oauth\bin\DuiLib_Static.pdb' に見つかりません。デバッグ情報がないものとして、オブジェクトにリンクします。
DuiLib.lib(UIHorizontalLayout.obj) : warning LNK4099: PDB '' が 'DuiLib.lib(UIHorizontalLayout.obj)' で、または '' に見つかりません。デバッグ情報がないものとして、オブジェクトにリンクします。
DuiLib.lib(UITabLayout.obj) : warning LNK4099: PDB 'DuiLib_Static.pdb' が 'DuiLib.lib(UITabLayout.obj)' で、または 'C:\Users\dorad\source\repos\AlvinTheodorus\SynchroAZ-Oauth\bin\DuiLib_Static.pdb' に見つかりません。デバッグ情報がないものとして、オブジェクトにリンクします。
DuiLib.lib(UITileLayout.obj) : warning LNK4099: PDB '' が 'DuiLib.lib(UITileLayout.obj)' で、または '' に見つかりません。デバッグ情報がないものとして、オブジェクトにリンクします。
DuiLib.lib(UIVerticalLayout.obj) : warning LNK4099: PDB 'DuiLib_Static.pdb' が 'DuiLib.lib(UIVerticalLayout.obj)' で、または 'C:\Users\dorad\source\repos\AlvinTheodorus\SynchroAZ-Oauth\bin\DuiLib_Static.pdb' に見つかりません。デバッグ情報がないものとして、オブジェクトにリンクします。
DuiLib.lib(UIActiveX.obj) : warning LNK4099: PDB 'DuiLib_Static.pdb' が 'DuiLib.lib(UIActiveX.obj)' で、または 'C:\Users\dorad\source\repos\AlvinTheodorus\SynchroAZ-Oauth\bin\DuiLib_Static.pdb' に見つかりません。デバッグ情報がないものとして、オブジェクトにリンクします。
DuiLib.lib(UIButton.obj) : warning LNK4099: PDB 'DuiLib_Static.pdb' が 'DuiLib.lib(UIButton.obj)' で、または 'C:\Users\dorad\source\repos\AlvinTheodorus\SynchroAZ-Oauth\bin\DuiLib_Static.pdb' に見つかりません。デバッグ情報がないものとして、オブジェクトにリンクします。
DuiLib.lib(UICheckBox.obj) : warning LNK4099: PDB 'DuiLib_Static.pdb' が 'DuiLib.lib(UICheckBox.obj)' で、または 'C:\Users\dorad\source\repos\AlvinTheodorus\SynchroAZ-Oauth\bin\DuiLib_Static.pdb' に見つかりません。デバッグ情報がないものとして、オブジェクトにリンクします。
DuiLib.lib(UICombo.obj) : warning LNK4099: PDB 'DuiLib_Static.pdb' が 'DuiLib.lib(UICombo.obj)' で、または 'C:\Users\dorad\source\repos\AlvinTheodorus\SynchroAZ-Oauth\bin\DuiLib_Static.pdb' に見つかりません。デバッグ情報がないものとして、オブジェクトにリンクします。
DuiLib.lib(UIDateTime.obj) : warning LNK4099: PDB 'DuiLib_Static.pdb' が 'DuiLib.lib(UIDateTime.obj)' で、または 'C:\Users\dorad\source\repos\AlvinTheodorus\SynchroAZ-Oauth\bin\DuiLib_Static.pdb' に見つかりません。デバッグ情報がないものとして、オブジェクトにリンクします。
DuiLib.lib(UIEdit.obj) : warning LNK4099: PDB 'DuiLib_Static.pdb' が 'DuiLib.lib(UIEdit.obj)' で、または 'C:\Users\dorad\source\repos\AlvinTheodorus\SynchroAZ-Oauth\bin\DuiLib_Static.pdb' に見つかりません。デバッグ情報がないものとして、オブジェクトにリンクします。
DuiLib.lib(UIGifAnim.obj) : warning LNK4099: PDB 'DuiLib_Static.pdb' が 'DuiLib.lib(UIGifAnim.obj)' で、または 'C:\Users\dorad\source\repos\AlvinTheodorus\SynchroAZ-Oauth\bin\DuiLib_Static.pdb' に見つかりません。デバッグ情報がないものとして、オブジェクトにリンクします。
DuiLib.lib(UILabel.obj) : warning LNK4099: PDB 'DuiLib_Static.pdb' が 'DuiLib.lib(UILabel.obj)' で、または 'C:\Users\dorad\source\repos\AlvinTheodorus\SynchroAZ-Oauth\bin\DuiLib_Static.pdb' に見つかりません。デバッグ情報がないものとして、オブジェクトにリンクします。
DuiLib.lib(UIList.obj) : warning LNK4099: PDB 'DuiLib_Static.pdb' が 'DuiLib.lib(UIList.obj)' で、または 'C:\Users\dorad\source\repos\AlvinTheodorus\SynchroAZ-Oauth\bin\DuiLib_Static.pdb' に見つかりません。デバッグ情報がないものとして、オブジェクトにリンクします。
DuiLib.lib(UIOption.obj) : warning LNK4099: PDB 'DuiLib_Static.pdb' が 'DuiLib.lib(UIOption.obj)' で、または 'C:\Users\dorad\source\repos\AlvinTheodorus\SynchroAZ-Oauth\bin\DuiLib_Static.pdb' に見つかりません。デバッグ情報がないものとして、オブジェクトにリンクします。
DuiLib.lib(UIProgress.obj) : warning LNK4099: PDB 'DuiLib_Static.pdb' が 'DuiLib.lib(UIProgress.obj)' で、または 'C:\Users\dorad\source\repos\AlvinTheodorus\SynchroAZ-Oauth\bin\DuiLib_Static.pdb' に見つかりません。デバッグ情報がないものとして、オブジェクトにリンクします。
DuiLib.lib(UIRichEdit.obj) : warning LNK4099: PDB 'DuiLib_Static.pdb' が 'DuiLib.lib(UIRichEdit.obj)' で、または 'C:\Users\dorad\source\repos\AlvinTheodorus\SynchroAZ-Oauth\bin\DuiLib_Static.pdb' に見つかりません。デバッグ情報がないものとして、オブジェクトにリンクします。
DuiLib.lib(UIScrollBar.obj) : warning LNK4099: PDB 'DuiLib_Static.pdb' が 'DuiLib.lib(UIScrollBar.obj)' で、または 'C:\Users\dorad\source\repos\AlvinTheodorus\SynchroAZ-Oauth\bin\DuiLib_Static.pdb' に見つかりません。デバッグ情報がないものとして、オブジェクトにリンクします。
DuiLib.lib(UISlider.obj) : warning LNK4099: PDB 'DuiLib_Static.pdb' が 'DuiLib.lib(UISlider.obj)' で、または 'C:\Users\dorad\source\repos\AlvinTheodorus\SynchroAZ-Oauth\bin\DuiLib_Static.pdb' に見つかりません。デバッグ情報がないものとして、オブジェクトにリンクします。
DuiLib.lib(UIText.obj) : warning LNK4099: PDB 'DuiLib_Static.pdb' が 'DuiLib.lib(UIText.obj)' で、または 'C:\Users\dorad\source\repos\AlvinTheodorus\SynchroAZ-Oauth\bin\DuiLib_Static.pdb' に見つかりません。デバッグ情報がないものとして、オブジェクトにリンクします。
DuiLib.lib(UITreeView.obj) : warning LNK4099: PDB 'DuiLib_Static.pdb' が 'DuiLib.lib(UITreeView.obj)' で、または 'C:\Users\dorad\source\repos\AlvinTheodorus\SynchroAZ-Oauth\bin\DuiLib_Static.pdb' に見つかりません。デバッグ情報がないものとして、オブジェクトにリンクします。
DuiLib.lib(UIWebBrowser.obj) : warning LNK4099: PDB 'DuiLib_Static.pdb' が 'DuiLib.lib(UIWebBrowser.obj)' で、または 'C:\Users\dorad\source\repos\AlvinTheodorus\SynchroAZ-Oauth\bin\DuiLib_Static.pdb' に見つかりません。デバッグ情報がないものとして、オブジェクトにリンクします。
  sdk_demo_v2.vcxproj -> C:\Users\dorad\source\repos\AlvinTheodorus\SynchroAZ-Oauth\bin\sdk_demo_v2.exe
